<?xml version="1.0" encoding="UTF-8"?>
<!-- Generated by org.testng.reporters.JUnitReportReporter -->
<testsuite hostname="DESKTOP-2U1CSIN" failures="0" tests="1" name="POMTestCases.Register" time="5.475" errors="0" timestamp="2024-05-27T19:18:04 BST" skipped="0">
  <testcase classname="POMTestCases.Register" name="Register1" time="5.475"/>
</testsuite> <!-- POMTestCases.Register -->
