<?xml version="1.0" encoding="UTF-8"?>
<!-- Generated by org.testng.reporters.JUnitReportReporter -->
<testsuite hostname="DESKTOP-2U1CSIN" failures="0" tests="1" name="POMTestCases.DWSlogin" time="7.736" errors="0" timestamp="2024-05-27T19:18:34 BST" skipped="0">
  <testcase classname="POMTestCases.DWSlogin" name="Login" time="7.736"/>
</testsuite> <!-- POMTestCases.DWSlogin -->
