<?xml version="1.0" encoding="UTF-8"?>
<!-- Generated by org.testng.reporters.JUnitReportReporter -->
<testsuite hostname="DESKTOP-2U1CSIN" failures="0" tests="1" name="POMTestCases.WelcomDws" time="27.273" errors="0" timestamp="2024-05-28T19:28:07 BST" skipped="0">
  <testcase classname="POMTestCases.WelcomDws" name="welcomePage" time="27.273"/>
</testsuite> <!-- POMTestCases.WelcomDws -->
