<?xml version="1.0" encoding="UTF-8"?>
<!-- Generated by org.testng.reporters.JUnitReportReporter -->
<testsuite hostname="DESKTOP-2U1CSIN" failures="0" tests="1" name="POMTestCases.DwsAddToCart" time="17.888" errors="0" timestamp="2024-05-29T11:38:31 BST" skipped="0">
  <testcase classname="POMTestCases.DwsAddToCart" name="addtocartfunction" time="17.888"/>
</testsuite> <!-- POMTestCases.DwsAddToCart -->
