<?xml version="1.0" encoding="UTF-8"?>
<!-- Generated by org.testng.reporters.JUnitReportReporter -->
<testsuite hostname="DESKTOP-2U1CSIN" failures="0" tests="1" name="POMTestCases.DWSGiftcart" time="8.260" errors="0" timestamp="2024-05-28T17:09:45 BST" skipped="0">
  <testcase classname="POMTestCases.DWSGiftcart" name="giftcart" time="8.260"/>
</testsuite> <!-- POMTestCases.DWSGiftcart -->
