<?xml version="1.0" encoding="UTF-8"?>
<!-- Generated by org.testng.reporters.JUnitReportReporter -->
<testsuite hostname="DESKTOP-2U1CSIN" failures="0" tests="1" name="POMTestCases.Welcomedws" time="8.413" errors="0" timestamp="2024-05-27T10:48:42 BST" skipped="0">
  <testcase classname="POMTestCases.Welcomedws" name="link1" time="8.413"/>
</testsuite> <!-- POMTestCases.Welcomedws -->
