<?xml version="1.0" encoding="UTF-8"?>
<!-- Generated by org.testng.reporters.JUnitReportReporter -->
<testsuite hostname="DESKTOP-2U1CSIN" failures="0" tests="1" name="Extent_Report.SampleReport" time="1.083" errors="0" timestamp="2024-05-30T04:58:34 BST" skipped="0">
  <testcase classname="Extent_Report.SampleReport" name="launchReport" time="1.083"/>
</testsuite> <!-- Extent_Report.SampleReport -->
