<?xml version="1.0" encoding="UTF-8"?>
<!-- Generated by org.testng.reporters.JUnitReportReporter -->
<testsuite hostname="DESKTOP-2U1CSIN" failures="0" tests="1" name="Com.crm.DwsTestCases.RegisterPageFill" time="3.405" errors="0" timestamp="2024-05-29T11:55:47 BST" skipped="0">
  <testcase classname="Com.crm.DwsTestCases.RegisterPageFill" name="registerpage" time="3.405"/>
</testsuite> <!-- Com.crm.DwsTestCases.RegisterPageFill -->
